<?xml version="1.0" encoding="UTF-8"?><testsuite errors="0" failures="0" name="com.restful.booker.curdtest.CRUDTest" skipped="0" tests="6" time="8.33" timestamp="2023-06-06T12:11:58.953+01:00[Europe/London]"><testcase classname="com.restful.booker.curdtest.CRUDTest" name="Creating token."/><testcase classname="com.restful.booker.curdtest.CRUDTest" name="Creating booking and verifying booking created."/><testcase classname="com.restful.booker.curdtest.CRUDTest" name="Getting All IDs."/><testcase classname="com.restful.booker.curdtest.CRUDTest" name="Getting Single ID."/><testcase classname="com.restful.booker.curdtest.CRUDTest" name="Updating Single ID."/><testcase classname="com.restful.booker.curdtest.CRUDTest" name="Deleting the ID and verifying deletion."/></testsuite>